Arguments: 
  /usr/local/Cellar/node/10.8.0/bin/node /usr/local/Cellar/yarn/1.2.1/libexec/bin/yarn.js testProject

PATH: 
  /usr/local/bin:/usr/bin:/bin:/usr/sbin:/sbin:/usr/local/share/dotnet:~/.dotnet/tools:/Library/Frameworks/Mono.framework/Versions/Current/Commands:/usr/local/CrossPack-AVR/bin:/Applications/Wireshark.app/Contents/MacOS

Yarn version: 
  1.2.1

Node version: 
  10.8.0

Platform: 
  darwin x64

npm manifest: 
  {
    "name": "simple-indexeddb",
    "version": "1.0.5",
    "description": "A simple wrapper for indexedDB ",
    "main": "index.js",
    "repository": "https://github.com/olaven/simple-indexedDB.git",
    "author": "olaven <olavsundfoer@gmail.com>",
    "license": "MIT",
    "scripts": {
      "testProject": "tsc index.ts && npm pack && mv simple-indexeddb-1.0.5.tgz $HOME/Desktop/testprosjekt/"
    }
    "dependencies": {
      "@types/es6-promise": "^3.3.0"
    }
  }

yarn manifest: 
  No manifest

Lockfile: 
  # THIS IS AN AUTOGENERATED FILE. DO NOT EDIT THIS FILE DIRECTLY.
  # yarn lockfile v1
  
  
  "@types/es6-promise@^3.3.0":
    version "3.3.0"
    resolved "https://registry.yarnpkg.com/@types/es6-promise/-/es6-promise-3.3.0.tgz#61b55e554fd807b563f158a7986ee53d3a5a5a9d"
    dependencies:
      es6-promise "*"
  
  es6-promise@*:
    version "4.2.4"
    resolved "https://registry.yarnpkg.com/es6-promise/-/es6-promise-4.2.4.tgz#dc4221c2b16518760bd8c39a52d8f356fc00ed29"

Trace: 
  SyntaxError: /Users/olav/Documents/github/simple-indexedDB/package.json: Unexpected string in JSON at position 389
      at JSON.parse (<anonymous>)
      at /usr/local/Cellar/yarn/1.2.1/libexec/lib/cli.js:770:59
      at Generator.next (<anonymous>)
      at step (/usr/local/Cellar/yarn/1.2.1/libexec/lib/cli.js:92:30)
      at /usr/local/Cellar/yarn/1.2.1/libexec/lib/cli.js:103:13
